1577961489092	mozrunner::runner	INFO	Running command: "/Applications/Firefox.app/Contents/MacOS/firefox-bin" "-marionette" "-foreground" "-no-remote" "-profile" "/var/folders/fr/ymn81bcs49sgs4fkk71zs_vw0000gn/T/rust_mozprofileQmJ0Qf"
1577961490162	addons.webextension.screenshots@mozilla.org	WARN	Loading extension 'screenshots@mozilla.org': Reading manifest: Invalid extension permission: mozillaAddons
1577961490162	addons.webextension.screenshots@mozilla.org	WARN	Loading extension 'screenshots@mozilla.org': Reading manifest: Invalid extension permission: telemetry
1577961490163	addons.webextension.screenshots@mozilla.org	WARN	Loading extension 'screenshots@mozilla.org': Reading manifest: Invalid extension permission: resource://pdf.js/
1577961490163	addons.webextension.screenshots@mozilla.org	WARN	Loading extension 'screenshots@mozilla.org': Reading manifest: Invalid extension permission: about:reader*
1577961492781	Marionette	INFO	Listening on port 51228
1577961492790	Marionette	WARN	TLS certificate errors will be ignored for this session
JavaScript error: https://user.qzone.qq.com/proxy/domain/ic2.qzone.qq.com/cgi-bin/feeds/feeds_html_module?g_iframeUser=1&i_uin=596928539&i_login_uin=596928539&mode=4&previewV8=1&style=31&version=8&needDelOpr=true&transparence=true&hideExtend=false&showcount=5&MORE_FEEDS_CGI=http%3A%2F%2Fic2.s11.qzone.qq.com%2Fcgi-bin%2Ffeeds%2Ffeeds_html_act_all&refer=2&paramstring=os-mac|100, line 1: SecurityError: The operation is insecure.
JavaScript error: https://user.qzone.qq.com/proxy/domain/ic2.qzone.qq.com/cgi-bin/feeds/feeds_html_module?g_iframeUser=1&i_uin=596928539&i_login_uin=596928539&mode=4&previewV8=1&style=31&version=8&needDelOpr=true&transparence=true&hideExtend=false&showcount=5&MORE_FEEDS_CGI=http%3A%2F%2Fic2.s11.qzone.qq.com%2Fcgi-bin%2Ffeeds%2Ffeeds_html_act_all&refer=2&paramstring=os-mac|100, line 1: SecurityError: Permission denied to access property "g_V" on cross-origin object
JavaScript error: https://user.qzone.qq.com/proxy/domain/ic2.qzone.qq.com/cgi-bin/feeds/feeds_html_module?g_iframeUser=1&i_uin=596928539&i_login_uin=596928539&mode=4&previewV8=1&style=31&version=8&needDelOpr=true&transparence=true&hideExtend=false&showcount=5&MORE_FEEDS_CGI=http%3A%2F%2Fic2.s11.qzone.qq.com%2Fcgi-bin%2Ffeeds%2Ffeeds_html_act_all&refer=2&paramstring=os-mac|100, line 1: TypeError: G_Param is undefined
JavaScript warning: https://qzonestyle.gtimg.cn/qzone/v8/core/interface_mini.js, line 71: unreachable code after return statement
JavaScript warning: https://qzonestyle.gtimg.cn/qzone/v8/index/like.js, line 14: unreachable code after return statement
JavaScript warning: https://qzonestyle.gtimg.cn/qzone/v8/animate/app_scroll.js, line 2: unreachable code after return statement
JavaScript warning: https://qzonestyle.gtimg.cn/qzone/photo/v7/js/common/qzone/common.js, line 4: unreachable code after return statement
JavaScript error: https://user.qzone.qq.com/proxy/domain/ic2.qzone.qq.com/cgi-bin/feeds/feeds_html_module?g_iframeUser=1&i_uin=596928539&i_login_uin=596928539&mode=4&previewV8=1&style=31&version=8&needDelOpr=true&transparence=true&hideExtend=false&showcount=5&MORE_FEEDS_CGI=http%3A%2F%2Fic2.s11.qzone.qq.com%2Fcgi-bin%2Ffeeds%2Ffeeds_html_act_all&refer=2&paramstring=os-mac|100, line 1: TypeError: QZONE.namecard is undefined
JavaScript warning: https://qzonestyle.gtimg.cn/qzone/v8/dress/weather.js, line 7: unreachable code after return statement
JavaScript warning: https://qzonestyle.gtimg.cn/qzone/photo/v7/js/common/qzone/common.js, line 4: unreachable code after return statement
JavaScript warning: https://qzonestyle.gtimg.cn/qzone/v8/index/like.js, line 14: unreachable code after return statement
JavaScript warning: https://qzonestyle.gtimg.cn/qzone/v8/animate/app_scroll.js, line 2: unreachable code after return statement
JavaScript warning: https://qzonestyle.gtimg.cn/c/=/ac/qzfl/appclientlib.js,/qzone/app/controls/pager/pager.js?max_age=999999&ver=20130607, line 5: unreachable code after return statement
JavaScript error: resource://gre/modules/ExtensionParent.jsm, line 1229: Error: WebExtension context not found!
JavaScript error: resource://gre/modules/ExtensionParent.jsm, line 1229: Error: WebExtension context not found!
JavaScript error: resource://gre/modules/ExtensionParent.jsm, line 1229: Error: WebExtension context not found!
JavaScript error: resource://gre/modules/ExtensionParent.jsm, line 1229: Error: WebExtension context not found!
JavaScript error: resource://gre/modules/ExtensionParent.jsm, line 1229: Error: WebExtension context not found!
Handler function threw an exception: TypeError: timings.REQUEST_HEADER is undefined
Stack: _setupHarTimings@resource://devtools/server/actors/network-monitor/network-observer.js:1078:1
_onTransactionClose@resource://devtools/server/actors/network-monitor/network-observer.js:1005:25
_dispatchActivity@resource://devtools/server/actors/network-monitor/network-observer.js:529:14
NetworkObserver.prototype.observeActivity<@resource://devtools/server/actors/network-monitor/network-observer.js:607:12
exports.makeInfallible/<@resource://devtools/shared/ThreadSafeDevToolsUtils.js:111:22
Line: 1078, column: 1
console.error: (new TypeError("timings.REQUEST_HEADER is undefined", "resource://devtools/server/actors/network-monitor/network-observer.js", 1078))
JavaScript warning: https://qzonestyle.gtimg.cn/qzone/v8/core/interface_mini.js, line 71: unreachable code after return statement
JavaScript warning: https://qzonestyle.gtimg.cn/qzone/v8/index/like.js, line 14: unreachable code after return statement
JavaScript warning: https://qzonestyle.gtimg.cn/qzone/v8/animate/app_scroll.js, line 2: unreachable code after return statement
JavaScript warning: https://qzonestyle.gtimg.cn/qzone/photo/v7/js/common/qzone/common.js, line 4: unreachable code after return statement
Handler function threw an exception: TypeError: timings.REQUEST_HEADER is undefined
Stack: _setupHarTimings@resource://devtools/server/actors/network-monitor/network-observer.js:1078:1
_onTransactionClose@resource://devtools/server/actors/network-monitor/network-observer.js:1005:25
_dispatchActivity@resource://devtools/server/actors/network-monitor/network-observer.js:529:14
NetworkObserver.prototype.observeActivity<@resource://devtools/server/actors/network-monitor/network-observer.js:607:12
exports.makeInfallible/<@resource://devtools/shared/ThreadSafeDevToolsUtils.js:111:22
Line: 1078, column: 1
console.error: (new TypeError("timings.REQUEST_HEADER is undefined", "resource://devtools/server/actors/network-monitor/network-observer.js", 1078))
Handler function threw an exception: TypeError: timings.REQUEST_HEADER is undefined
Stack: _setupHarTimings@resource://devtools/server/actors/network-monitor/network-observer.js:1078:1
_onTransactionClose@resource://devtools/server/actors/network-monitor/network-observer.js:1005:25
_dispatchActivity@resource://devtools/server/actors/network-monitor/network-observer.js:529:14
NetworkObserver.prototype.observeActivity<@resource://devtools/server/actors/network-monitor/network-observer.js:607:12
exports.makeInfallible/<@resource://devtools/shared/ThreadSafeDevToolsUtils.js:111:22
Line: 1078, column: 1
console.error: (new TypeError("timings.REQUEST_HEADER is undefined", "resource://devtools/server/actors/network-monitor/network-observer.js", 1078))
JavaScript warning: https://qzonestyle.gtimg.cn/qzone/v8/dress/weather.js, line 7: unreachable code after return statement
JavaScript warning: https://qzonestyle.gtimg.cn/qzone/photo/v7/js/common/qzone/common.js, line 4: unreachable code after return statement
JavaScript warning: https://qzonestyle.gtimg.cn/qzone/v8/index/like.js, line 14: unreachable code after return statement
Handler function threw an exception: TypeError: timings.REQUEST_HEADER is undefined
Stack: _setupHarTimings@resource://devtools/server/actors/network-monitor/network-observer.js:1078:1
_onTransactionClose@resource://devtools/server/actors/network-monitor/network-observer.js:1005:25
_dispatchActivity@resource://devtools/server/actors/network-monitor/network-observer.js:529:14
NetworkObserver.prototype.observeActivity<@resource://devtools/server/actors/network-monitor/network-observer.js:607:12
exports.makeInfallible/<@resource://devtools/shared/ThreadSafeDevToolsUtils.js:111:22
Line: 1078, column: 1
console.error: (new TypeError("timings.REQUEST_HEADER is undefined", "resource://devtools/server/actors/network-monitor/network-observer.js", 1078))
JavaScript error: https://user.qzone.qq.com/proxy/domain/ic2.qzone.qq.com/cgi-bin/feeds/feeds_html_module?g_iframeUser=1&i_uin=596928539&i_login_uin=596928539&mode=4&previewV8=1&style=31&version=8&needDelOpr=true&transparence=true&hideExtend=false&showcount=5&MORE_FEEDS_CGI=http%3A%2F%2Fic2.s11.qzone.qq.com%2Fcgi-bin%2Ffeeds%2Ffeeds_html_act_all&refer=2&paramstring=os-mac|100, line 1: SecurityError: The operation is insecure.
JavaScript error: https://user.qzone.qq.com/proxy/domain/ic2.qzone.qq.com/cgi-bin/feeds/feeds_html_module?g_iframeUser=1&i_uin=596928539&i_login_uin=596928539&mode=4&previewV8=1&style=31&version=8&needDelOpr=true&transparence=true&hideExtend=false&showcount=5&MORE_FEEDS_CGI=http%3A%2F%2Fic2.s11.qzone.qq.com%2Fcgi-bin%2Ffeeds%2Ffeeds_html_act_all&refer=2&paramstring=os-mac|100, line 1: SecurityError: Permission denied to access property "g_V" on cross-origin object
JavaScript error: https://user.qzone.qq.com/proxy/domain/ic2.qzone.qq.com/cgi-bin/feeds/feeds_html_module?g_iframeUser=1&i_uin=596928539&i_login_uin=596928539&mode=4&previewV8=1&style=31&version=8&needDelOpr=true&transparence=true&hideExtend=false&showcount=5&MORE_FEEDS_CGI=http%3A%2F%2Fic2.s11.qzone.qq.com%2Fcgi-bin%2Ffeeds%2Ffeeds_html_act_all&refer=2&paramstring=os-mac|100, line 1: TypeError: G_Param is undefined
JavaScript error: https://user.qzone.qq.com/proxy/domain/ic2.qzone.qq.com/cgi-bin/feeds/feeds_html_module?g_iframeUser=1&i_uin=596928539&i_login_uin=596928539&mode=4&previewV8=1&style=31&version=8&needDelOpr=true&transparence=true&hideExtend=false&showcount=5&MORE_FEEDS_CGI=http%3A%2F%2Fic2.s11.qzone.qq.com%2Fcgi-bin%2Ffeeds%2Ffeeds_html_act_all&refer=2&paramstring=os-mac|100, line 1: TypeError: QZONE.namecard is undefined
Handler function threw an exception: TypeError: timings.REQUEST_HEADER is undefined
Stack: _setupHarTimings@resource://devtools/server/actors/network-monitor/network-observer.js:1078:1
_onTransactionClose@resource://devtools/server/actors/network-monitor/network-observer.js:1005:25
_dispatchActivity@resource://devtools/server/actors/network-monitor/network-observer.js:529:14
NetworkObserver.prototype.observeActivity<@resource://devtools/server/actors/network-monitor/network-observer.js:607:12
exports.makeInfallible/<@resource://devtools/shared/ThreadSafeDevToolsUtils.js:111:22
Line: 1078, column: 1
console.error: (new TypeError("timings.REQUEST_HEADER is undefined", "resource://devtools/server/actors/network-monitor/network-observer.js", 1078))
Handler function threw an exception: TypeError: timings.REQUEST_HEADER is undefined
Stack: _setupHarTimings@resource://devtools/server/actors/network-monitor/network-observer.js:1078:1
_onTransactionClose@resource://devtools/server/actors/network-monitor/network-observer.js:1005:25
_dispatchActivity@resource://devtools/server/actors/network-monitor/network-observer.js:529:14
NetworkObserver.prototype.observeActivity<@resource://devtools/server/actors/network-monitor/network-observer.js:607:12
exports.makeInfallible/<@resource://devtools/shared/ThreadSafeDevToolsUtils.js:111:22
Line: 1078, column: 1
console.error: (new TypeError("timings.REQUEST_HEADER is undefined", "resource://devtools/server/actors/network-monitor/network-observer.js", 1078))
JavaScript warning: https://qzonestyle.gtimg.cn/qzone/v8/animate/app_scroll.js, line 2: unreachable code after return statement
Handler function threw an exception: TypeError: timings.REQUEST_HEADER is undefined
Stack: _setupHarTimings@resource://devtools/server/actors/network-monitor/network-observer.js:1078:1
_onTransactionClose@resource://devtools/server/actors/network-monitor/network-observer.js:1005:25
_dispatchActivity@resource://devtools/server/actors/network-monitor/network-observer.js:529:14
NetworkObserver.prototype.observeActivity<@resource://devtools/server/actors/network-monitor/network-observer.js:607:12
exports.makeInfallible/<@resource://devtools/shared/ThreadSafeDevToolsUtils.js:111:22
Line: 1078, column: 1
console.error: (new TypeError("timings.REQUEST_HEADER is undefined", "resource://devtools/server/actors/network-monitor/network-observer.js", 1078))
JavaScript warning: https://qzonestyle.gtimg.cn/c/=/ac/qzfl/appclientlib.js,/qzone/app/controls/pager/pager.js?max_age=999999&ver=20130607, line 5: unreachable code after return statement
Handler function threw an exception: TypeError: timings.REQUEST_HEADER is undefined
Stack: _setupHarTimings@resource://devtools/server/actors/network-monitor/network-observer.js:1078:1
_onTransactionClose@resource://devtools/server/actors/network-monitor/network-observer.js:1005:25
_dispatchActivity@resource://devtools/server/actors/network-monitor/network-observer.js:529:14
NetworkObserver.prototype.observeActivity<@resource://devtools/server/actors/network-monitor/network-observer.js:607:12
exports.makeInfallible/<@resource://devtools/shared/ThreadSafeDevToolsUtils.js:111:22
Line: 1078, column: 1
console.error: (new TypeError("timings.REQUEST_HEADER is undefined", "resource://devtools/server/actors/network-monitor/network-observer.js", 1078))
Handler function threw an exception: TypeError: timings.REQUEST_HEADER is undefined
Stack: _setupHarTimings@resource://devtools/server/actors/network-monitor/network-observer.js:1078:1
_onTransactionClose@resource://devtools/server/actors/network-monitor/network-observer.js:1005:25
_dispatchActivity@resource://devtools/server/actors/network-monitor/network-observer.js:529:14
NetworkObserver.prototype.observeActivity<@resource://devtools/server/actors/network-monitor/network-observer.js:607:12
exports.makeInfallible/<@resource://devtools/shared/ThreadSafeDevToolsUtils.js:111:22
Line: 1078, column: 1
console.error: (new TypeError("timings.REQUEST_HEADER is undefined", "resource://devtools/server/actors/network-monitor/network-observer.js", 1078))
JavaScript warning: https://qzonestyle.gtimg.cn/c/=/ac/qzfl/appclientlib.js,/qzone/app/controls/pager/pager.js?max_age=999999&ver=20130607, line 5: unreachable code after return statement

###!!! [Parent][DispatchAsyncMessage] Error: PCompositorBridge::Msg_PAPZCTreeManagerConstructor Value error: message was deserialized, but contained an illegal value


###!!! [Parent][DispatchAsyncMessage] Error: PCompositorBridge::Msg_PAPZConstructor Value error: message was deserialized, but contained an illegal value

JavaScript error: https://user.qzone.qq.com/proxy/domain/qzs.qq.com/qzone/app/mood_v6/html/index.html#mood&g_iframeUser=1&g_iframedescend=1&uin=596928539&pfid=2&qz_ver=8&appcanvas=0&qz_style=31&params=&entertime=1577962019815&canvastype=&cdn_use_https=1, line 141: TypeError: top.g_StyleID is undefined
JavaScript warning: https://qzonestyle.gtimg.cn/ac/lib/seajs/sea-2.0.0.js, line 28: Using //@ to indicate sourceMappingURL pragmas is deprecated. Use //# instead
JavaScript error: https://qzonestyle.gtimg.cn/qzone/app/mood_v6/api/api.js?max_age=999999&v=20170728, line 2: TypeError: QZONE.FP is undefined
JavaScript warning: https://qzonestyle.gtimg.cn/qzone/v6/interface/interface_v6_0823.js?max_age=2592000, line 106: unreachable code after return statement
JavaScript warning: https://qzonestyle.gtimg.cn/qzone/v6/interface/interface_v6_0823.js?max_age=2592000, line 423: unreachable code after return statement
JavaScript error: https://qzonestyle.gtimg.cn/qzone/v6/interface/interface_v6_0823.js?max_age=2592000, line 132: TypeError: g_Dressup is undefined
JavaScript error: https://qzonestyle.gtimg.cn/qzone/app/mood_v6/script/render.js?max_age=999999&v=20170728, line 28: TypeError: MOOD.load is not a function
JavaScript error: https://qzonestyle.gtimg.cn/qzone/app/mood_v6/script/render.js?max_age=999999&v=20170728, line 28: TypeError: MOOD.load is not a function
console.error: "Error while calling actor 'pagestyle's method 'isPositionEditable'" "can't access dead object"
console.error: "isPositionEditable@resource://devtools/server/actors/styles.js:620:9\nhandler@resource://devtools/shared/protocol/Actor.js:154:37\nonPacket@resource://devtools/server/debugger-server-connection.js:378:58\nreceiveMessage@resource://devtools/shared/transport/child-transport.js:66:16\n"
console.error: "Protocol error (unknownError): can't access dead object"
Handler function threw an exception: TypeError: timings.REQUEST_HEADER is undefined
Stack: _setupHarTimings@resource://devtools/server/actors/network-monitor/network-observer.js:1078:1
_onTransactionClose@resource://devtools/server/actors/network-monitor/network-observer.js:1005:25
_dispatchActivity@resource://devtools/server/actors/network-monitor/network-observer.js:529:14
NetworkObserver.prototype.observeActivity<@resource://devtools/server/actors/network-monitor/network-observer.js:607:12
exports.makeInfallible/<@resource://devtools/shared/ThreadSafeDevToolsUtils.js:111:22
Line: 1078, column: 1
console.error: (new TypeError("timings.REQUEST_HEADER is undefined", "resource://devtools/server/actors/network-monitor/network-observer.js", 1078))
Handler function threw an exception: TypeError: timings.REQUEST_HEADER is undefined
Stack: _setupHarTimings@resource://devtools/server/actors/network-monitor/network-observer.js:1078:1
_onTransactionClose@resource://devtools/server/actors/network-monitor/network-observer.js:1005:25
_dispatchActivity@resource://devtools/server/actors/network-monitor/network-observer.js:529:14
NetworkObserver.prototype.observeActivity<@resource://devtools/server/actors/network-monitor/network-observer.js:607:12
exports.makeInfallible/<@resource://devtools/shared/ThreadSafeDevToolsUtils.js:111:22
Line: 1078, column: 1
console.error: (new TypeError("timings.REQUEST_HEADER is undefined", "resource://devtools/server/actors/network-monitor/network-observer.js", 1078))
1577963033436	mozrunner::runner	INFO	Running command: "/Applications/Firefox.app/Contents/MacOS/firefox-bin" "-marionette" "-foreground" "-no-remote" "-profile" "/var/folders/fr/ymn81bcs49sgs4fkk71zs_vw0000gn/T/rust_mozprofileHE5j9b"
1577963034837	addons.webextension.screenshots@mozilla.org	WARN	Loading extension 'screenshots@mozilla.org': Reading manifest: Invalid extension permission: mozillaAddons
1577963034837	addons.webextension.screenshots@mozilla.org	WARN	Loading extension 'screenshots@mozilla.org': Reading manifest: Invalid extension permission: telemetry
1577963034837	addons.webextension.screenshots@mozilla.org	WARN	Loading extension 'screenshots@mozilla.org': Reading manifest: Invalid extension permission: resource://pdf.js/
1577963034838	addons.webextension.screenshots@mozilla.org	WARN	Loading extension 'screenshots@mozilla.org': Reading manifest: Invalid extension permission: about:reader*
1577963037519	Marionette	INFO	Listening on port 63128
1577963037630	Marionette	WARN	TLS certificate errors will be ignored for this session
JavaScript error: https://user.qzone.qq.com/proxy/domain/ic2.qzone.qq.com/cgi-bin/feeds/feeds_html_module?g_iframeUser=1&i_uin=596928539&i_login_uin=596928539&mode=4&previewV8=1&style=31&version=8&needDelOpr=true&transparence=true&hideExtend=false&showcount=5&MORE_FEEDS_CGI=http%3A%2F%2Fic2.s11.qzone.qq.com%2Fcgi-bin%2Ffeeds%2Ffeeds_html_act_all&refer=2&paramstring=os-mac|100, line 1: SecurityError: The operation is insecure.
JavaScript error: https://user.qzone.qq.com/proxy/domain/ic2.qzone.qq.com/cgi-bin/feeds/feeds_html_module?g_iframeUser=1&i_uin=596928539&i_login_uin=596928539&mode=4&previewV8=1&style=31&version=8&needDelOpr=true&transparence=true&hideExtend=false&showcount=5&MORE_FEEDS_CGI=http%3A%2F%2Fic2.s11.qzone.qq.com%2Fcgi-bin%2Ffeeds%2Ffeeds_html_act_all&refer=2&paramstring=os-mac|100, line 1: SecurityError: Permission denied to access property "g_V" on cross-origin object
JavaScript error: https://user.qzone.qq.com/proxy/domain/ic2.qzone.qq.com/cgi-bin/feeds/feeds_html_module?g_iframeUser=1&i_uin=596928539&i_login_uin=596928539&mode=4&previewV8=1&style=31&version=8&needDelOpr=true&transparence=true&hideExtend=false&showcount=5&MORE_FEEDS_CGI=http%3A%2F%2Fic2.s11.qzone.qq.com%2Fcgi-bin%2Ffeeds%2Ffeeds_html_act_all&refer=2&paramstring=os-mac|100, line 1: TypeError: G_Param is undefined
JavaScript warning: https://qzonestyle.gtimg.cn/qzone/v8/core/interface_mini.js, line 71: unreachable code after return statement
JavaScript warning: https://qzonestyle.gtimg.cn/qzone/v8/index/like.js, line 14: unreachable code after return statement
JavaScript warning: https://qzonestyle.gtimg.cn/qzone/v8/animate/app_scroll.js, line 2: unreachable code after return statement
JavaScript warning: https://qzonestyle.gtimg.cn/qzone/photo/v7/js/common/qzone/common.js, line 4: unreachable code after return statement
JavaScript warning: https://qzonestyle.gtimg.cn/qzone/v8/dress/weather.js, line 7: unreachable code after return statement
JavaScript warning: https://qzonestyle.gtimg.cn/qzone/photo/v7/js/common/qzone/common.js, line 4: unreachable code after return statement
JavaScript warning: https://qzonestyle.gtimg.cn/qzone/v8/index/like.js, line 14: unreachable code after return statement
JavaScript error: https://user.qzone.qq.com/proxy/domain/ic2.qzone.qq.com/cgi-bin/feeds/feeds_html_module?g_iframeUser=1&i_uin=596928539&i_login_uin=596928539&mode=4&previewV8=1&style=31&version=8&needDelOpr=true&transparence=true&hideExtend=false&showcount=5&MORE_FEEDS_CGI=http%3A%2F%2Fic2.s11.qzone.qq.com%2Fcgi-bin%2Ffeeds%2Ffeeds_html_act_all&refer=2&paramstring=os-mac|100, line 1: TypeError: QZONE.namecard is undefined
JavaScript warning: https://qzonestyle.gtimg.cn/qzone/v8/animate/app_scroll.js, line 2: unreachable code after return statement
JavaScript warning: https://qzonestyle.gtimg.cn/c/=/ac/qzfl/appclientlib.js,/qzone/app/controls/pager/pager.js?max_age=999999&ver=20130607, line 5: unreachable code after return statement
1577963123463	mozrunner::runner	INFO	Running command: "/Applications/Firefox.app/Contents/MacOS/firefox-bin" "-marionette" "-foreground" "-no-remote" "-profile" "/var/folders/fr/ymn81bcs49sgs4fkk71zs_vw0000gn/T/rust_mozprofileEOTgNn"
1577963124361	addons.webextension.screenshots@mozilla.org	WARN	Loading extension 'screenshots@mozilla.org': Reading manifest: Invalid extension permission: mozillaAddons
1577963124361	addons.webextension.screenshots@mozilla.org	WARN	Loading extension 'screenshots@mozilla.org': Reading manifest: Invalid extension permission: telemetry
1577963124361	addons.webextension.screenshots@mozilla.org	WARN	Loading extension 'screenshots@mozilla.org': Reading manifest: Invalid extension permission: resource://pdf.js/
1577963124361	addons.webextension.screenshots@mozilla.org	WARN	Loading extension 'screenshots@mozilla.org': Reading manifest: Invalid extension permission: about:reader*
1577963127339	Marionette	INFO	Listening on port 64274
1577963127347	Marionette	WARN	TLS certificate errors will be ignored for this session
JavaScript warning: https://qzonestyle.gtimg.cn/qzone/v8/core/interface_mini.js, line 71: unreachable code after return statement
JavaScript error: https://user.qzone.qq.com/proxy/domain/ic2.qzone.qq.com/cgi-bin/feeds/feeds_html_module?g_iframeUser=1&i_uin=596928539&i_login_uin=596928539&mode=4&previewV8=1&style=31&version=8&needDelOpr=true&transparence=true&hideExtend=false&showcount=5&MORE_FEEDS_CGI=http%3A%2F%2Fic2.s11.qzone.qq.com%2Fcgi-bin%2Ffeeds%2Ffeeds_html_act_all&refer=2&paramstring=os-mac|100, line 1: SecurityError: The operation is insecure.
JavaScript error: https://user.qzone.qq.com/proxy/domain/ic2.qzone.qq.com/cgi-bin/feeds/feeds_html_module?g_iframeUser=1&i_uin=596928539&i_login_uin=596928539&mode=4&previewV8=1&style=31&version=8&needDelOpr=true&transparence=true&hideExtend=false&showcount=5&MORE_FEEDS_CGI=http%3A%2F%2Fic2.s11.qzone.qq.com%2Fcgi-bin%2Ffeeds%2Ffeeds_html_act_all&refer=2&paramstring=os-mac|100, line 1: SecurityError: Permission denied to access property "g_V" on cross-origin object
JavaScript error: https://user.qzone.qq.com/proxy/domain/ic2.qzone.qq.com/cgi-bin/feeds/feeds_html_module?g_iframeUser=1&i_uin=596928539&i_login_uin=596928539&mode=4&previewV8=1&style=31&version=8&needDelOpr=true&transparence=true&hideExtend=false&showcount=5&MORE_FEEDS_CGI=http%3A%2F%2Fic2.s11.qzone.qq.com%2Fcgi-bin%2Ffeeds%2Ffeeds_html_act_all&refer=2&paramstring=os-mac|100, line 1: TypeError: G_Param is undefined
JavaScript warning: https://qzonestyle.gtimg.cn/qzone/v8/index/like.js, line 14: unreachable code after return statement
JavaScript warning: https://qzonestyle.gtimg.cn/qzone/v8/dress/weather.js, line 7: unreachable code after return statement
JavaScript warning: https://qzonestyle.gtimg.cn/qzone/v8/animate/app_scroll.js, line 2: unreachable code after return statement
JavaScript warning: https://qzonestyle.gtimg.cn/qzone/photo/v7/js/common/qzone/common.js, line 4: unreachable code after return statement
JavaScript warning: https://qzonestyle.gtimg.cn/qzone/photo/v7/js/common/qzone/common.js, line 4: unreachable code after return statement
JavaScript warning: https://qzonestyle.gtimg.cn/qzone/v8/index/like.js, line 14: unreachable code after return statement
JavaScript warning: https://qzonestyle.gtimg.cn/qzone/v8/animate/app_scroll.js, line 2: unreachable code after return statement
JavaScript error: https://user.qzone.qq.com/proxy/domain/ic2.qzone.qq.com/cgi-bin/feeds/feeds_html_module?g_iframeUser=1&i_uin=596928539&i_login_uin=596928539&mode=4&previewV8=1&style=31&version=8&needDelOpr=true&transparence=true&hideExtend=false&showcount=5&MORE_FEEDS_CGI=http%3A%2F%2Fic2.s11.qzone.qq.com%2Fcgi-bin%2Ffeeds%2Ffeeds_html_act_all&refer=2&paramstring=os-mac|100, line 1: TypeError: QZONE.namecard is undefined
JavaScript warning: https://qzonestyle.gtimg.cn/c/=/ac/qzfl/appclientlib.js,/qzone/app/controls/pager/pager.js?max_age=999999&ver=20130607, line 5: unreachable code after return statement
1577963195230	mozrunner::runner	INFO	Running command: "/Applications/Firefox.app/Contents/MacOS/firefox-bin" "-marionette" "-foreground" "-no-remote" "-profile" "/var/folders/fr/ymn81bcs49sgs4fkk71zs_vw0000gn/T/rust_mozprofilevLSZrb"
1577963196561	addons.webextension.screenshots@mozilla.org	WARN	Loading extension 'screenshots@mozilla.org': Reading manifest: Invalid extension permission: mozillaAddons
1577963196561	addons.webextension.screenshots@mozilla.org	WARN	Loading extension 'screenshots@mozilla.org': Reading manifest: Invalid extension permission: telemetry
1577963196561	addons.webextension.screenshots@mozilla.org	WARN	Loading extension 'screenshots@mozilla.org': Reading manifest: Invalid extension permission: resource://pdf.js/
1577963196561	addons.webextension.screenshots@mozilla.org	WARN	Loading extension 'screenshots@mozilla.org': Reading manifest: Invalid extension permission: about:reader*
1577963199061	Marionette	INFO	Listening on port 65030
1577963199137	Marionette	WARN	TLS certificate errors will be ignored for this session
JavaScript warning: https://qzonestyle.gtimg.cn/qzone/v8/core/interface_mini.js, line 71: unreachable code after return statement
JavaScript error: https://user.qzone.qq.com/proxy/domain/ic2.qzone.qq.com/cgi-bin/feeds/feeds_html_module?g_iframeUser=1&i_uin=596928539&i_login_uin=596928539&mode=4&previewV8=1&style=31&version=8&needDelOpr=true&transparence=true&hideExtend=false&showcount=5&MORE_FEEDS_CGI=http%3A%2F%2Fic2.s11.qzone.qq.com%2Fcgi-bin%2Ffeeds%2Ffeeds_html_act_all&refer=2&paramstring=os-mac|100, line 1: SecurityError: The operation is insecure.
JavaScript error: https://user.qzone.qq.com/proxy/domain/ic2.qzone.qq.com/cgi-bin/feeds/feeds_html_module?g_iframeUser=1&i_uin=596928539&i_login_uin=596928539&mode=4&previewV8=1&style=31&version=8&needDelOpr=true&transparence=true&hideExtend=false&showcount=5&MORE_FEEDS_CGI=http%3A%2F%2Fic2.s11.qzone.qq.com%2Fcgi-bin%2Ffeeds%2Ffeeds_html_act_all&refer=2&paramstring=os-mac|100, line 1: SecurityError: Permission denied to access property "g_V" on cross-origin object
JavaScript error: https://user.qzone.qq.com/proxy/domain/ic2.qzone.qq.com/cgi-bin/feeds/feeds_html_module?g_iframeUser=1&i_uin=596928539&i_login_uin=596928539&mode=4&previewV8=1&style=31&version=8&needDelOpr=true&transparence=true&hideExtend=false&showcount=5&MORE_FEEDS_CGI=http%3A%2F%2Fic2.s11.qzone.qq.com%2Fcgi-bin%2Ffeeds%2Ffeeds_html_act_all&refer=2&paramstring=os-mac|100, line 1: TypeError: G_Param is undefined
JavaScript warning: https://qzonestyle.gtimg.cn/qzone/v8/index/like.js, line 14: unreachable code after return statement
JavaScript warning: https://qzonestyle.gtimg.cn/qzone/v8/animate/app_scroll.js, line 2: unreachable code after return statement
JavaScript warning: https://qzonestyle.gtimg.cn/qzone/photo/v7/js/common/qzone/common.js, line 4: unreachable code after return statement
JavaScript warning: https://qzonestyle.gtimg.cn/qzone/v8/dress/weather.js, line 7: unreachable code after return statement
JavaScript warning: https://qzonestyle.gtimg.cn/qzone/photo/v7/js/common/qzone/common.js, line 4: unreachable code after return statement
JavaScript warning: https://qzonestyle.gtimg.cn/qzone/v8/index/like.js, line 14: unreachable code after return statement
JavaScript error: https://user.qzone.qq.com/proxy/domain/ic2.qzone.qq.com/cgi-bin/feeds/feeds_html_module?g_iframeUser=1&i_uin=596928539&i_login_uin=596928539&mode=4&previewV8=1&style=31&version=8&needDelOpr=true&transparence=true&hideExtend=false&showcount=5&MORE_FEEDS_CGI=http%3A%2F%2Fic2.s11.qzone.qq.com%2Fcgi-bin%2Ffeeds%2Ffeeds_html_act_all&refer=2&paramstring=os-mac|100, line 1: TypeError: QZONE.namecard is undefined
JavaScript warning: https://qzonestyle.gtimg.cn/qzone/v8/animate/app_scroll.js, line 2: unreachable code after return statement
JavaScript warning: https://qzonestyle.gtimg.cn/c/=/ac/qzfl/appclientlib.js,/qzone/app/controls/pager/pager.js?max_age=999999&ver=20130607, line 5: unreachable code after return statement
1577963232344	mozrunner::runner	INFO	Running command: "/Applications/Firefox.app/Contents/MacOS/firefox-bin" "-marionette" "-foreground" "-no-remote" "-profile" "/var/folders/fr/ymn81bcs49sgs4fkk71zs_vw0000gn/T/rust_mozprofileQ1BCWO"
1577963233581	addons.webextension.screenshots@mozilla.org	WARN	Loading extension 'screenshots@mozilla.org': Reading manifest: Invalid extension permission: mozillaAddons
1577963233581	addons.webextension.screenshots@mozilla.org	WARN	Loading extension 'screenshots@mozilla.org': Reading manifest: Invalid extension permission: telemetry
1577963233581	addons.webextension.screenshots@mozilla.org	WARN	Loading extension 'screenshots@mozilla.org': Reading manifest: Invalid extension permission: resource://pdf.js/
1577963233581	addons.webextension.screenshots@mozilla.org	WARN	Loading extension 'screenshots@mozilla.org': Reading manifest: Invalid extension permission: about:reader*
1577963236183	Marionette	INFO	Listening on port 65502
1577963236264	Marionette	WARN	TLS certificate errors will be ignored for this session
JavaScript error: https://user.qzone.qq.com/proxy/domain/ic2.qzone.qq.com/cgi-bin/feeds/feeds_html_module?g_iframeUser=1&i_uin=596928539&i_login_uin=596928539&mode=4&previewV8=1&style=31&version=8&needDelOpr=true&transparence=true&hideExtend=false&showcount=5&MORE_FEEDS_CGI=http%3A%2F%2Fic2.s11.qzone.qq.com%2Fcgi-bin%2Ffeeds%2Ffeeds_html_act_all&refer=2&paramstring=os-mac|100, line 1: SecurityError: The operation is insecure.
JavaScript error: https://user.qzone.qq.com/proxy/domain/ic2.qzone.qq.com/cgi-bin/feeds/feeds_html_module?g_iframeUser=1&i_uin=596928539&i_login_uin=596928539&mode=4&previewV8=1&style=31&version=8&needDelOpr=true&transparence=true&hideExtend=false&showcount=5&MORE_FEEDS_CGI=http%3A%2F%2Fic2.s11.qzone.qq.com%2Fcgi-bin%2Ffeeds%2Ffeeds_html_act_all&refer=2&paramstring=os-mac|100, line 1: SecurityError: Permission denied to access property "g_V" on cross-origin object
JavaScript error: https://user.qzone.qq.com/proxy/domain/ic2.qzone.qq.com/cgi-bin/feeds/feeds_html_module?g_iframeUser=1&i_uin=596928539&i_login_uin=596928539&mode=4&previewV8=1&style=31&version=8&needDelOpr=true&transparence=true&hideExtend=false&showcount=5&MORE_FEEDS_CGI=http%3A%2F%2Fic2.s11.qzone.qq.com%2Fcgi-bin%2Ffeeds%2Ffeeds_html_act_all&refer=2&paramstring=os-mac|100, line 1: TypeError: G_Param is undefined
JavaScript warning: https://qzonestyle.gtimg.cn/qzone/v8/core/interface_mini.js, line 71: unreachable code after return statement
JavaScript warning: https://qzonestyle.gtimg.cn/qzone/v8/index/like.js, line 14: unreachable code after return statement
JavaScript error: https://user.qzone.qq.com/proxy/domain/ic2.qzone.qq.com/cgi-bin/feeds/feeds_html_module?g_iframeUser=1&i_uin=596928539&i_login_uin=596928539&mode=4&previewV8=1&style=31&version=8&needDelOpr=true&transparence=true&hideExtend=false&showcount=5&MORE_FEEDS_CGI=http%3A%2F%2Fic2.s11.qzone.qq.com%2Fcgi-bin%2Ffeeds%2Ffeeds_html_act_all&refer=2&paramstring=os-mac|100, line 1: TypeError: QZONE.namecard is undefined
JavaScript warning: https://qzonestyle.gtimg.cn/qzone/v8/animate/app_scroll.js, line 2: unreachable code after return statement
JavaScript warning: https://qzonestyle.gtimg.cn/qzone/photo/v7/js/common/qzone/common.js, line 4: unreachable code after return statement
JavaScript warning: https://qzonestyle.gtimg.cn/qzone/v8/dress/weather.js, line 7: unreachable code after return statement
JavaScript warning: https://qzonestyle.gtimg.cn/qzone/photo/v7/js/common/qzone/common.js, line 4: unreachable code after return statement
JavaScript warning: https://qzonestyle.gtimg.cn/qzone/v8/index/like.js, line 14: unreachable code after return statement
JavaScript error: https://user.qzone.qq.com/596928539, line 1: ReferenceError: iframeOnLoad is not defined
JavaScript warning: https://qzonestyle.gtimg.cn/qzone/v8/animate/app_scroll.js, line 2: unreachable code after return statement
JavaScript error: https://user.qzone.qq.com/596928539, line 1: ReferenceError: iframeOnLoad is not defined
JavaScript error: https://user.qzone.qq.com/proxy/domain/qzs.qq.com/qzone/app/mood_v6/html/index.html#mood&g_iframeUser=1&g_iframedescend=1&uin=596928539&pfid=2&qz_ver=8&appcanvas=0&qz_style=31&params=&entertime=1577963247054&canvastype=&cdn_use_https=1, line 1133: SecurityError: Permission denied to access property "_preloadCache" on cross-origin object
JavaScript warning: https://qzonestyle.gtimg.cn/qzone/v8/core/interface_mini.js, line 71: unreachable code after return statement
JavaScript warning: https://qzonestyle.gtimg.cn/qzone/v8/index/like.js, line 14: unreachable code after return statement
JavaScript warning: https://qzonestyle.gtimg.cn/qzone/v8/animate/app_scroll.js, line 2: unreachable code after return statement
JavaScript warning: https://qzonestyle.gtimg.cn/qzone/photo/v7/js/common/qzone/common.js, line 4: unreachable code after return statement
JavaScript warning: https://qzonestyle.gtimg.cn/qzone/v8/dress/weather.js, line 7: unreachable code after return statement
JavaScript warning: https://qzonestyle.gtimg.cn/qzone/photo/v7/js/common/qzone/common.js, line 4: unreachable code after return statement
JavaScript warning: https://qzonestyle.gtimg.cn/qzone/v8/index/like.js, line 14: unreachable code after return statement
JavaScript error: https://user.qzone.qq.com/proxy/domain/ic2.qzone.qq.com/cgi-bin/feeds/feeds_html_module?g_iframeUser=1&i_uin=596928539&i_login_uin=596928539&mode=4&previewV8=1&style=31&version=8&needDelOpr=true&transparence=true&hideExtend=false&showcount=5&MORE_FEEDS_CGI=http%3A%2F%2Fic2.s11.qzone.qq.com%2Fcgi-bin%2Ffeeds%2Ffeeds_html_act_all&refer=2&paramstring=os-mac|100, line 1: SecurityError: The operation is insecure.
JavaScript error: https://user.qzone.qq.com/proxy/domain/ic2.qzone.qq.com/cgi-bin/feeds/feeds_html_module?g_iframeUser=1&i_uin=596928539&i_login_uin=596928539&mode=4&previewV8=1&style=31&version=8&needDelOpr=true&transparence=true&hideExtend=false&showcount=5&MORE_FEEDS_CGI=http%3A%2F%2Fic2.s11.qzone.qq.com%2Fcgi-bin%2Ffeeds%2Ffeeds_html_act_all&refer=2&paramstring=os-mac|100, line 1: SecurityError: Permission denied to access property "g_V" on cross-origin object
JavaScript error: https://user.qzone.qq.com/proxy/domain/ic2.qzone.qq.com/cgi-bin/feeds/feeds_html_module?g_iframeUser=1&i_uin=596928539&i_login_uin=596928539&mode=4&previewV8=1&style=31&version=8&needDelOpr=true&transparence=true&hideExtend=false&showcount=5&MORE_FEEDS_CGI=http%3A%2F%2Fic2.s11.qzone.qq.com%2Fcgi-bin%2Ffeeds%2Ffeeds_html_act_all&refer=2&paramstring=os-mac|100, line 1: TypeError: G_Param is undefined
JavaScript error: https://user.qzone.qq.com/proxy/domain/ic2.qzone.qq.com/cgi-bin/feeds/feeds_html_module?g_iframeUser=1&i_uin=596928539&i_login_uin=596928539&mode=4&previewV8=1&style=31&version=8&needDelOpr=true&transparence=true&hideExtend=false&showcount=5&MORE_FEEDS_CGI=http%3A%2F%2Fic2.s11.qzone.qq.com%2Fcgi-bin%2Ffeeds%2Ffeeds_html_act_all&refer=2&paramstring=os-mac|100, line 1: TypeError: QZONE.namecard is undefined
1577963263728	mozrunner::runner	INFO	Running command: "/Applications/Firefox.app/Contents/MacOS/firefox-bin" "-marionette" "-foreground" "-no-remote" "-profile" "/var/folders/fr/ymn81bcs49sgs4fkk71zs_vw0000gn/T/rust_mozprofilepiKKoc"
1577963264833	addons.webextension.screenshots@mozilla.org	WARN	Loading extension 'screenshots@mozilla.org': Reading manifest: Invalid extension permission: mozillaAddons
1577963264833	addons.webextension.screenshots@mozilla.org	WARN	Loading extension 'screenshots@mozilla.org': Reading manifest: Invalid extension permission: telemetry
1577963264834	addons.webextension.screenshots@mozilla.org	WARN	Loading extension 'screenshots@mozilla.org': Reading manifest: Invalid extension permission: resource://pdf.js/
1577963264834	addons.webextension.screenshots@mozilla.org	WARN	Loading extension 'screenshots@mozilla.org': Reading manifest: Invalid extension permission: about:reader*
1577963267442	Marionette	INFO	Listening on port 49556
1577963267514	Marionette	WARN	TLS certificate errors will be ignored for this session
JavaScript warning: https://qzonestyle.gtimg.cn/qzone/v8/core/interface_mini.js, line 71: unreachable code after return statement
JavaScript error: https://user.qzone.qq.com/proxy/domain/ic2.qzone.qq.com/cgi-bin/feeds/feeds_html_module?g_iframeUser=1&i_uin=596928539&i_login_uin=596928539&mode=4&previewV8=1&style=31&version=8&needDelOpr=true&transparence=true&hideExtend=false&showcount=5&MORE_FEEDS_CGI=http%3A%2F%2Fic2.s11.qzone.qq.com%2Fcgi-bin%2Ffeeds%2Ffeeds_html_act_all&refer=2&paramstring=os-mac|100, line 1: SecurityError: The operation is insecure.
JavaScript error: https://user.qzone.qq.com/proxy/domain/ic2.qzone.qq.com/cgi-bin/feeds/feeds_html_module?g_iframeUser=1&i_uin=596928539&i_login_uin=596928539&mode=4&previewV8=1&style=31&version=8&needDelOpr=true&transparence=true&hideExtend=false&showcount=5&MORE_FEEDS_CGI=http%3A%2F%2Fic2.s11.qzone.qq.com%2Fcgi-bin%2Ffeeds%2Ffeeds_html_act_all&refer=2&paramstring=os-mac|100, line 1: SecurityError: Permission denied to access property "g_V" on cross-origin object
JavaScript error: https://user.qzone.qq.com/proxy/domain/ic2.qzone.qq.com/cgi-bin/feeds/feeds_html_module?g_iframeUser=1&i_uin=596928539&i_login_uin=596928539&mode=4&previewV8=1&style=31&version=8&needDelOpr=true&transparence=true&hideExtend=false&showcount=5&MORE_FEEDS_CGI=http%3A%2F%2Fic2.s11.qzone.qq.com%2Fcgi-bin%2Ffeeds%2Ffeeds_html_act_all&refer=2&paramstring=os-mac|100, line 1: TypeError: G_Param is undefined
JavaScript warning: https://qzonestyle.gtimg.cn/qzone/v8/index/like.js, line 14: unreachable code after return statement
JavaScript warning: https://qzonestyle.gtimg.cn/qzone/v8/dress/weather.js, line 7: unreachable code after return statement
JavaScript warning: https://qzonestyle.gtimg.cn/qzone/v8/animate/app_scroll.js, line 2: unreachable code after return statement
JavaScript warning: https://qzonestyle.gtimg.cn/qzone/photo/v7/js/common/qzone/common.js, line 4: unreachable code after return statement
JavaScript warning: https://qzonestyle.gtimg.cn/qzone/photo/v7/js/common/qzone/common.js, line 4: unreachable code after return statement
JavaScript warning: https://qzonestyle.gtimg.cn/qzone/v8/index/like.js, line 14: unreachable code after return statement
JavaScript error: https://user.qzone.qq.com/proxy/domain/ic2.qzone.qq.com/cgi-bin/feeds/feeds_html_module?g_iframeUser=1&i_uin=596928539&i_login_uin=596928539&mode=4&previewV8=1&style=31&version=8&needDelOpr=true&transparence=true&hideExtend=false&showcount=5&MORE_FEEDS_CGI=http%3A%2F%2Fic2.s11.qzone.qq.com%2Fcgi-bin%2Ffeeds%2Ffeeds_html_act_all&refer=2&paramstring=os-mac|100, line 1: TypeError: QZONE.namecard is undefined
JavaScript warning: https://qzonestyle.gtimg.cn/qzone/v8/animate/app_scroll.js, line 2: unreachable code after return statement
JavaScript error: https://user.qzone.qq.com/proxy/domain/qzs.qq.com/qzone/app/mood_v6/html/index.html#mood&g_iframeUser=1&g_iframedescend=1&uin=596928539&pfid=2&qz_ver=8&appcanvas=0&qz_style=31&params=&entertime=1577963279941&canvastype=&cdn_use_https=1, line 1133: SecurityError: Permission denied to access property "_preloadCache" on cross-origin object
JavaScript warning: https://qzonestyle.gtimg.cn/qzone/v8/core/interface_mini.js, line 71: unreachable code after return statement
JavaScript warning: https://qzonestyle.gtimg.cn/qzone/v8/index/like.js, line 14: unreachable code after return statement
JavaScript warning: https://qzonestyle.gtimg.cn/qzone/v8/animate/app_scroll.js, line 2: unreachable code after return statement
JavaScript warning: https://qzonestyle.gtimg.cn/qzone/photo/v7/js/common/qzone/common.js, line 4: unreachable code after return statement
JavaScript warning: https://qzonestyle.gtimg.cn/qzone/v8/dress/weather.js, line 7: unreachable code after return statement
JavaScript warning: https://qzonestyle.gtimg.cn/qzone/photo/v7/js/common/qzone/common.js, line 4: unreachable code after return statement
JavaScript warning: https://qzonestyle.gtimg.cn/qzone/v8/index/like.js, line 14: unreachable code after return statement
JavaScript error: https://user.qzone.qq.com/proxy/domain/ic2.qzone.qq.com/cgi-bin/feeds/feeds_html_module?g_iframeUser=1&i_uin=596928539&i_login_uin=596928539&mode=4&previewV8=1&style=31&version=8&needDelOpr=true&transparence=true&hideExtend=false&showcount=5&MORE_FEEDS_CGI=http%3A%2F%2Fic2.s11.qzone.qq.com%2Fcgi-bin%2Ffeeds%2Ffeeds_html_act_all&refer=2&paramstring=os-mac|100, line 1: SecurityError: The operation is insecure.
JavaScript error: https://user.qzone.qq.com/proxy/domain/ic2.qzone.qq.com/cgi-bin/feeds/feeds_html_module?g_iframeUser=1&i_uin=596928539&i_login_uin=596928539&mode=4&previewV8=1&style=31&version=8&needDelOpr=true&transparence=true&hideExtend=false&showcount=5&MORE_FEEDS_CGI=http%3A%2F%2Fic2.s11.qzone.qq.com%2Fcgi-bin%2Ffeeds%2Ffeeds_html_act_all&refer=2&paramstring=os-mac|100, line 1: SecurityError: Permission denied to access property "g_V" on cross-origin object
JavaScript error: https://user.qzone.qq.com/proxy/domain/ic2.qzone.qq.com/cgi-bin/feeds/feeds_html_module?g_iframeUser=1&i_uin=596928539&i_login_uin=596928539&mode=4&previewV8=1&style=31&version=8&needDelOpr=true&transparence=true&hideExtend=false&showcount=5&MORE_FEEDS_CGI=http%3A%2F%2Fic2.s11.qzone.qq.com%2Fcgi-bin%2Ffeeds%2Ffeeds_html_act_all&refer=2&paramstring=os-mac|100, line 1: TypeError: G_Param is undefined
JavaScript error: https://user.qzone.qq.com/proxy/domain/ic2.qzone.qq.com/cgi-bin/feeds/feeds_html_module?g_iframeUser=1&i_uin=596928539&i_login_uin=596928539&mode=4&previewV8=1&style=31&version=8&needDelOpr=true&transparence=true&hideExtend=false&showcount=5&MORE_FEEDS_CGI=http%3A%2F%2Fic2.s11.qzone.qq.com%2Fcgi-bin%2Ffeeds%2Ffeeds_html_act_all&refer=2&paramstring=os-mac|100, line 1: TypeError: QZONE.namecard is undefined
JavaScript warning: https://qzonestyle.gtimg.cn/qzone/v8/animate/app_scroll.js, line 2: unreachable code after return statement
JavaScript error: https://user.qzone.qq.com/596928539, line 1: ReferenceError: iframeOnLoad is not defined
JavaScript error: https://user.qzone.qq.com/596928539, line 1: ReferenceError: iframeOnLoad is not defined
JavaScript warning: https://qzonestyle.gtimg.cn/qzone/v8/core/interface_mini.js, line 71: unreachable code after return statement
JavaScript warning: https://qzonestyle.gtimg.cn/qzone/v8/index/like.js, line 14: unreachable code after return statement
JavaScript warning: https://qzonestyle.gtimg.cn/qzone/v8/animate/app_scroll.js, line 2: unreachable code after return statement
JavaScript warning: https://qzonestyle.gtimg.cn/qzone/photo/v7/js/common/qzone/common.js, line 4: unreachable code after return statement
JavaScript warning: https://qzonestyle.gtimg.cn/qzone/v8/dress/weather.js, line 7: unreachable code after return statement
JavaScript warning: https://qzonestyle.gtimg.cn/qzone/photo/v7/js/common/qzone/common.js, line 4: unreachable code after return statement
JavaScript warning: https://qzonestyle.gtimg.cn/qzone/v8/index/like.js, line 14: unreachable code after return statement
JavaScript error: https://user.qzone.qq.com/proxy/domain/ic2.qzone.qq.com/cgi-bin/feeds/feeds_html_module?g_iframeUser=1&i_uin=596928539&i_login_uin=596928539&mode=4&previewV8=1&style=31&version=8&needDelOpr=true&transparence=true&hideExtend=false&showcount=5&MORE_FEEDS_CGI=http%3A%2F%2Fic2.s11.qzone.qq.com%2Fcgi-bin%2Ffeeds%2Ffeeds_html_act_all&refer=2&paramstring=os-mac|100, line 1: SecurityError: The operation is insecure.
JavaScript error: https://user.qzone.qq.com/proxy/domain/ic2.qzone.qq.com/cgi-bin/feeds/feeds_html_module?g_iframeUser=1&i_uin=596928539&i_login_uin=596928539&mode=4&previewV8=1&style=31&version=8&needDelOpr=true&transparence=true&hideExtend=false&showcount=5&MORE_FEEDS_CGI=http%3A%2F%2Fic2.s11.qzone.qq.com%2Fcgi-bin%2Ffeeds%2Ffeeds_html_act_all&refer=2&paramstring=os-mac|100, line 1: SecurityError: Permission denied to access property "g_V" on cross-origin object
JavaScript error: https://user.qzone.qq.com/proxy/domain/ic2.qzone.qq.com/cgi-bin/feeds/feeds_html_module?g_iframeUser=1&i_uin=596928539&i_login_uin=596928539&mode=4&previewV8=1&style=31&version=8&needDelOpr=true&transparence=true&hideExtend=false&showcount=5&MORE_FEEDS_CGI=http%3A%2F%2Fic2.s11.qzone.qq.com%2Fcgi-bin%2Ffeeds%2Ffeeds_html_act_all&refer=2&paramstring=os-mac|100, line 1: TypeError: G_Param is undefined
JavaScript error: https://user.qzone.qq.com/proxy/domain/ic2.qzone.qq.com/cgi-bin/feeds/feeds_html_module?g_iframeUser=1&i_uin=596928539&i_login_uin=596928539&mode=4&previewV8=1&style=31&version=8&needDelOpr=true&transparence=true&hideExtend=false&showcount=5&MORE_FEEDS_CGI=http%3A%2F%2Fic2.s11.qzone.qq.com%2Fcgi-bin%2Ffeeds%2Ffeeds_html_act_all&refer=2&paramstring=os-mac|100, line 1: TypeError: QZONE.namecard is undefined
JavaScript error: https://qzonestyle.gtimg.cn/ac/qzone/qzfl/qzfl_v8_2.1.65.js, line 90: NS_ERROR_NOT_INITIALIZED: 
1577963500720	Marionette	INFO	Stopped listening on port 51228
JavaScript error: https://qzonestyle.gtimg.cn/ac/qzone/qzfl/qzfl_v8_2.1.65.js, line 90: NS_ERROR_NOT_INITIALIZED: 
1577963501564	Marionette	INFO	Stopped listening on port 63128
JavaScript warning: https://y.gtimg.cn/music/qzone/music_tool.js?max_age=2592000&ver=20170123.js, line 74: unreachable code after return statement
[Parent 39652, Gecko_IOThread] WARNING: pipe error: Broken pipe: file /builds/worker/workspace/build/src/ipc/chromium/src/chrome/common/ipc_channel_posix.cc, line 728
1577963508871	Marionette	INFO	Stopped listening on port 64274
JavaScript error: https://qzonestyle.gtimg.cn/ac/qzone/qzfl/qzfl_v8_2.1.65.js, line 90: NS_ERROR_NOT_INITIALIZED: 
1577963512176	Marionette	INFO	Stopped listening on port 65030
JavaScript error: https://qzonestyle.gtimg.cn/ac/qzone/qzfl/qzfl_v8_2.1.65.js, line 90: NS_ERROR_NOT_INITIALIZED: 
[Parent 39692, Gecko_IOThread] WARNING: pipe error: Broken pipe: file /builds/worker/workspace/build/src/ipc/chromium/src/chrome/common/ipc_channel_posix.cc, line 728
1577963513992	Marionette	INFO	Stopped listening on port 49556
JavaScript error: https://qzonestyle.gtimg.cn/ac/qzone/qzfl/qzfl_v8_2.1.65.js, line 90: NS_ERROR_NOT_INITIALIZED: 
1577963515708	Marionette	INFO	Stopped listening on port 65502
1577975359604	mozrunner::runner	INFO	Running command: "/Applications/Firefox.app/Contents/MacOS/firefox-bin" "-marionette" "-foreground" "-no-remote" "-profile" "/var/folders/fr/ymn81bcs49sgs4fkk71zs_vw0000gn/T/rust_mozprofileF0pfB4"
1577975360736	addons.webextension.screenshots@mozilla.org	WARN	Loading extension 'screenshots@mozilla.org': Reading manifest: Invalid extension permission: mozillaAddons
1577975360737	addons.webextension.screenshots@mozilla.org	WARN	Loading extension 'screenshots@mozilla.org': Reading manifest: Invalid extension permission: telemetry
1577975360737	addons.webextension.screenshots@mozilla.org	WARN	Loading extension 'screenshots@mozilla.org': Reading manifest: Invalid extension permission: resource://pdf.js/
1577975360737	addons.webextension.screenshots@mozilla.org	WARN	Loading extension 'screenshots@mozilla.org': Reading manifest: Invalid extension permission: about:reader*
1577975363197	Marionette	INFO	Listening on port 53973
1577975363276	Marionette	WARN	TLS certificate errors will be ignored for this session
JavaScript warning: https://qzonestyle.gtimg.cn/qzone/v8/core/interface_mini.js, line 71: unreachable code after return statement
JavaScript warning: https://qzonestyle.gtimg.cn/qzone/v8/ic/ic_feeds_monitor.js, line 7: unreachable code after return statement
JavaScript warning: https://qzonestyle.gtimg.cn/qzone/v6/qm/qm_100006.js?max_age=900, line 14: unreachable code after return statement
JavaScript warning: https://qzonestyle.gtimg.cn/qzone/v8/animate/app_scroll.js, line 2: unreachable code after return statement
JavaScript warning: https://qzonestyle.gtimg.cn/qzone/photo/v7/js/common/qzone/common.js, line 4: unreachable code after return statement
JavaScript warning: https://qzonestyle.gtimg.cn/qzone/v8/dress/weather.js, line 7: unreachable code after return statement
JavaScript warning: https://qzonestyle.gtimg.cn/qzone/photo/v7/js/common/qzone/common.js, line 4: unreachable code after return statement
JavaScript warning: https://qzonestyle.gtimg.cn/qzone/v8/ic/hotfeeds.js, line 330: unreachable code after return statement
JavaScript warning: https://qzonestyle.gtimg.cn/qzone/v8/index/like.js, line 14: unreachable code after return statement
JavaScript warning: https://qzonestyle.gtimg.cn/qzone/v8/ic/popbar.js, line 97: unreachable code after return statement
JavaScript warning: https://qzonestyle.gtimg.cn/qzone/v8/ic/popbar.js, line 97: unreachable code after return statement
1577975395838	mozrunner::runner	INFO	Running command: "/Applications/Firefox.app/Contents/MacOS/firefox-bin" "-marionette" "-foreground" "-no-remote" "-profile" "/var/folders/fr/ymn81bcs49sgs4fkk71zs_vw0000gn/T/rust_mozprofilelSgkt1"
1577975396658	addons.webextension.screenshots@mozilla.org	WARN	Loading extension 'screenshots@mozilla.org': Reading manifest: Invalid extension permission: mozillaAddons
1577975396658	addons.webextension.screenshots@mozilla.org	WARN	Loading extension 'screenshots@mozilla.org': Reading manifest: Invalid extension permission: telemetry
1577975396659	addons.webextension.screenshots@mozilla.org	WARN	Loading extension 'screenshots@mozilla.org': Reading manifest: Invalid extension permission: resource://pdf.js/
1577975396659	addons.webextension.screenshots@mozilla.org	WARN	Loading extension 'screenshots@mozilla.org': Reading manifest: Invalid extension permission: about:reader*
1577975398933	Marionette	INFO	Listening on port 54153
1577975398953	Marionette	WARN	TLS certificate errors will be ignored for this session
JavaScript warning: https://qzonestyle.gtimg.cn/qzone/v8/core/interface_mini.js, line 71: unreachable code after return statement
JavaScript warning: https://qzonestyle.gtimg.cn/qzone/v8/ic/ic_feeds_monitor.js, line 7: unreachable code after return statement
JavaScript warning: https://qzonestyle.gtimg.cn/qzone/v6/qm/qm_100006.js?max_age=900, line 14: unreachable code after return statement
JavaScript warning: https://qzonestyle.gtimg.cn/qzone/v8/dress/weather.js, line 7: unreachable code after return statement
JavaScript warning: https://qzonestyle.gtimg.cn/qzone/v8/animate/app_scroll.js, line 2: unreachable code after return statement
JavaScript warning: https://qzonestyle.gtimg.cn/qzone/photo/v7/js/common/qzone/common.js, line 4: unreachable code after return statement
JavaScript warning: https://qzonestyle.gtimg.cn/qzone/photo/v7/js/common/qzone/common.js, line 4: unreachable code after return statement
JavaScript warning: https://qzonestyle.gtimg.cn/qzone/v8/animate/app_scroll.js, line 2: unreachable code after return statement
JavaScript warning: https://qzonestyle.gtimg.cn/qzone/v8/ic/hotfeeds.js, line 330: unreachable code after return statement
JavaScript warning: https://qzonestyle.gtimg.cn/qzone/v8/index/like.js, line 14: unreachable code after return statement
JavaScript warning: https://qzonestyle.gtimg.cn/c/=/ac/qzfl/appclientlib.js,/qzone/app/controls/pager/pager.js?max_age=999999&ver=20130607, line 5: unreachable code after return statement
JavaScript warning: https://qzonestyle.gtimg.cn/qzone/v8/ic/popbar.js, line 97: unreachable code after return statement
JavaScript warning: https://qzonestyle.gtimg.cn/qzone/v8/ic/popbar.js, line 97: unreachable code after return statement
1577975451866	mozrunner::runner	INFO	Running command: "/Applications/Firefox.app/Contents/MacOS/firefox-bin" "-marionette" "-foreground" "-no-remote" "-profile" "/var/folders/fr/ymn81bcs49sgs4fkk71zs_vw0000gn/T/rust_mozprofileTEe810"
1577975452641	addons.webextension.screenshots@mozilla.org	WARN	Loading extension 'screenshots@mozilla.org': Reading manifest: Invalid extension permission: mozillaAddons
1577975452641	addons.webextension.screenshots@mozilla.org	WARN	Loading extension 'screenshots@mozilla.org': Reading manifest: Invalid extension permission: telemetry
1577975452642	addons.webextension.screenshots@mozilla.org	WARN	Loading extension 'screenshots@mozilla.org': Reading manifest: Invalid extension permission: resource://pdf.js/
1577975452642	addons.webextension.screenshots@mozilla.org	WARN	Loading extension 'screenshots@mozilla.org': Reading manifest: Invalid extension permission: about:reader*
1577975455178	Marionette	INFO	Listening on port 54340
1577975455200	Marionette	WARN	TLS certificate errors will be ignored for this session
1577975456073	Marionette	INFO	Stopped listening on port 53973
1577975460187	Marionette	INFO	Stopped listening on port 54153
JavaScript warning: https://qzonestyle.gtimg.cn/qzone/v8/core/interface_mini.js, line 71: unreachable code after return statement
JavaScript warning: https://qzonestyle.gtimg.cn/qzone/v8/index/like.js, line 14: unreachable code after return statement
JavaScript warning: https://qzonestyle.gtimg.cn/qzone/v8/animate/app_scroll.js, line 2: unreachable code after return statement
JavaScript warning: https://qzonestyle.gtimg.cn/qzone/photo/v7/js/common/qzone/common.js, line 4: unreachable code after return statement
JavaScript warning: https://qzonestyle.gtimg.cn/qzone/v8/dress/weather.js, line 7: unreachable code after return statement
JavaScript error: https://user.qzone.qq.com/proxy/domain/ic2.qzone.qq.com/cgi-bin/feeds/feeds_html_module?g_iframeUser=1&i_uin=596928539&i_login_uin=596928539&mode=4&previewV8=1&style=31&version=8&needDelOpr=true&transparence=true&hideExtend=false&showcount=5&MORE_FEEDS_CGI=http%3A%2F%2Fic2.s12.qzone.qq.com%2Fcgi-bin%2Ffeeds%2Ffeeds_html_act_all&refer=2&paramstring=os-mac|100, line 1: SecurityError: The operation is insecure.
JavaScript error: https://user.qzone.qq.com/proxy/domain/ic2.qzone.qq.com/cgi-bin/feeds/feeds_html_module?g_iframeUser=1&i_uin=596928539&i_login_uin=596928539&mode=4&previewV8=1&style=31&version=8&needDelOpr=true&transparence=true&hideExtend=false&showcount=5&MORE_FEEDS_CGI=http%3A%2F%2Fic2.s12.qzone.qq.com%2Fcgi-bin%2Ffeeds%2Ffeeds_html_act_all&refer=2&paramstring=os-mac|100, line 1: SecurityError: Permission denied to access property "g_V" on cross-origin object
JavaScript error: https://user.qzone.qq.com/proxy/domain/ic2.qzone.qq.com/cgi-bin/feeds/feeds_html_module?g_iframeUser=1&i_uin=596928539&i_login_uin=596928539&mode=4&previewV8=1&style=31&version=8&needDelOpr=true&transparence=true&hideExtend=false&showcount=5&MORE_FEEDS_CGI=http%3A%2F%2Fic2.s12.qzone.qq.com%2Fcgi-bin%2Ffeeds%2Ffeeds_html_act_all&refer=2&paramstring=os-mac|100, line 1: TypeError: G_Param is undefined
JavaScript warning: https://qzonestyle.gtimg.cn/qzone/photo/v7/js/common/qzone/common.js, line 4: unreachable code after return statement
JavaScript warning: https://qzonestyle.gtimg.cn/qzone/v8/index/like.js, line 14: unreachable code after return statement
JavaScript warning: https://qzonestyle.gtimg.cn/qzone/v8/animate/app_scroll.js, line 2: unreachable code after return statement
JavaScript error: https://user.qzone.qq.com/proxy/domain/ic2.qzone.qq.com/cgi-bin/feeds/feeds_html_module?g_iframeUser=1&i_uin=596928539&i_login_uin=596928539&mode=4&previewV8=1&style=31&version=8&needDelOpr=true&transparence=true&hideExtend=false&showcount=5&MORE_FEEDS_CGI=http%3A%2F%2Fic2.s12.qzone.qq.com%2Fcgi-bin%2Ffeeds%2Ffeeds_html_act_all&refer=2&paramstring=os-mac|100, line 1: TypeError: QZONE.namecard is undefined
JavaScript warning: https://qzonestyle.gtimg.cn/c/=/ac/qzfl/appclientlib.js,/qzone/app/controls/pager/pager.js?max_age=999999&ver=20130607, line 5: unreachable code after return statement
JavaScript warning: https://qzonestyle.gtimg.cn/c/=/ac/qzfl/appclientlib.js,/qzone/app/controls/pager/pager.js?max_age=999999&ver=20130607, line 5: unreachable code after return statement
JavaScript error: https://user.qzone.qq.com/596928539, line 617: TypeError: data.scriptUrl is undefined
JavaScript error: https://qzonestyle.gtimg.cn/c/=/qzone/app/v8/controls/mood_poster/mood_poster_facade.60825.js,/qzone/app/v8/controls/mood_poster/1.0.50318.js,/qzone/app/v8/controls/mood_poster/common/constant/1.0.31226.js,/qzone/app/v8/controls/mood_poster/mood_editor/1.0.50104.js,/qzone/app/v8/controls/mood_poster/mood_editor_config/1.0.40405.js,/qzone/app/v8/controls/mood_poster/template_1.0.40818.js,/qzone/app/v8/controls/sensible_editor/3.0.40625.js,/qzone/app/v8/controls/mood_poster/misc/1.0.js,/qzone/app/v8/controls/mood_poster/utils/misc/1.0.50921.js,/qzone/app/v8/f4a/1.0.20130723.js,/qzone/app/v8/controls/mood_poster/managed_content_loader/1.0.js,/qzone/app/v8/models/mood/image/1.0.js,/qzone/app/v8/controls/mood_poster/utils/photo_data_converter/1.0.4010801.js,/qzone/app/v8/controls/mood_poster/mood_wall_entrance/qbPreData.js,/qzone/app/v8/controls/mood_poster/plugins/quick_image_attacher/trigger/1.0.20130808.js?max_age=72000, line 125: TypeError: $f is null
JavaScript warning: https://qzonestyle.gtimg.cn/qzone/v8/core/interface_mini.js, line 71: unreachable code after return statement
JavaScript warning: https://qzonestyle.gtimg.cn/qzone/v8/index/like.js, line 14: unreachable code after return statement
JavaScript warning: https://qzonestyle.gtimg.cn/qzone/v8/animate/app_scroll.js, line 2: unreachable code after return statement
JavaScript warning: https://qzonestyle.gtimg.cn/qzone/photo/v7/js/common/qzone/common.js, line 4: unreachable code after return statement
JavaScript warning: https://qzonestyle.gtimg.cn/qzone/v8/dress/weather.js, line 7: unreachable code after return statement
JavaScript warning: https://qzonestyle.gtimg.cn/qzone/photo/v7/js/common/qzone/common.js, line 4: unreachable code after return statement
JavaScript warning: https://qzonestyle.gtimg.cn/qzone/v8/index/like.js, line 14: unreachable code after return statement
JavaScript error: https://user.qzone.qq.com/proxy/domain/ic2.qzone.qq.com/cgi-bin/feeds/feeds_html_module?g_iframeUser=1&i_uin=596928539&i_login_uin=596928539&mode=4&previewV8=1&style=31&version=8&needDelOpr=true&transparence=true&hideExtend=false&showcount=5&MORE_FEEDS_CGI=http%3A%2F%2Fic2.s12.qzone.qq.com%2Fcgi-bin%2Ffeeds%2Ffeeds_html_act_all&refer=2&paramstring=os-mac|100, line 1: SecurityError: The operation is insecure.
JavaScript error: https://user.qzone.qq.com/proxy/domain/ic2.qzone.qq.com/cgi-bin/feeds/feeds_html_module?g_iframeUser=1&i_uin=596928539&i_login_uin=596928539&mode=4&previewV8=1&style=31&version=8&needDelOpr=true&transparence=true&hideExtend=false&showcount=5&MORE_FEEDS_CGI=http%3A%2F%2Fic2.s12.qzone.qq.com%2Fcgi-bin%2Ffeeds%2Ffeeds_html_act_all&refer=2&paramstring=os-mac|100, line 1: SecurityError: Permission denied to access property "g_V" on cross-origin object
JavaScript error: https://user.qzone.qq.com/proxy/domain/ic2.qzone.qq.com/cgi-bin/feeds/feeds_html_module?g_iframeUser=1&i_uin=596928539&i_login_uin=596928539&mode=4&previewV8=1&style=31&version=8&needDelOpr=true&transparence=true&hideExtend=false&showcount=5&MORE_FEEDS_CGI=http%3A%2F%2Fic2.s12.qzone.qq.com%2Fcgi-bin%2Ffeeds%2Ffeeds_html_act_all&refer=2&paramstring=os-mac|100, line 1: TypeError: G_Param is undefined
JavaScript error: https://user.qzone.qq.com/proxy/domain/ic2.qzone.qq.com/cgi-bin/feeds/feeds_html_module?g_iframeUser=1&i_uin=596928539&i_login_uin=596928539&mode=4&previewV8=1&style=31&version=8&needDelOpr=true&transparence=true&hideExtend=false&showcount=5&MORE_FEEDS_CGI=http%3A%2F%2Fic2.s12.qzone.qq.com%2Fcgi-bin%2Ffeeds%2Ffeeds_html_act_all&refer=2&paramstring=os-mac|100, line 1: TypeError: QZONE.namecard is undefined
JavaScript error: https://qzonestyle.gtimg.cn/ac/qzone/qzfl/qzfl_v8_2.1.65.js, line 90: NS_ERROR_NOT_INITIALIZED: 
1577975564934	Marionette	INFO	Stopped listening on port 54340
